<?xml version="1.0" encoding="UTF-8"?>
<!-- Generated by org.testng.reporters.JUnitXMLReporter -->
<testsuite hostname="DESKTOP-8GU1FPD" name="Command line test" tests="9" failures="1" timestamp="15 Jun 2018 23:03:30 GMT" time="9.854" errors="0">
  <testcase name="TestA1" time="9.156" classname="com.ddfw.punj.testcases.TestCaseA">
    <failure type="java.lang.AssertionError" message="Locator not correct- signin_xpath">
      <![CDATA[java.lang.AssertionError: Locator not correct- signin_xpath
	at com.ddfw.punj.base.BaseTest.reportFailure(BaseTest.java:199)
	at com.ddfw.punj.base.BaseTest.getElement(BaseTest.java:107)
	at com.ddfw.punj.base.BaseTest.verifyText(BaseTest.java:177)
	at com.ddfw.punj.testcases.TestCaseA.TestA1(TestCaseA.java:31)
	at org.apache.maven.surefire.testng.TestNGExecutor.run(TestNGExecutor.java:77)
	at org.apache.maven.surefire.testng.TestNGDirectoryTestSuite.executeMulti(TestNGDirectoryTestSuite.java:159)
	at org.apache.maven.surefire.testng.TestNGDirectoryTestSuite.execute(TestNGDirectoryTestSuite.java:99)
	at org.apache.maven.surefire.testng.TestNGProvider.invoke(TestNGProvider.java:106)
	at org.apache.maven.surefire.util.ReflectionUtils.invokeMethodWithArray(ReflectionUtils.java:189)
	at org.apache.maven.surefire.booter.ProviderFactory$ProviderProxy.invoke(ProviderFactory.java:165)
	at org.apache.maven.surefire.booter.ProviderFactory.invokeProvider(ProviderFactory.java:85)
	at org.apache.maven.surefire.booter.ForkedBooter.runSuitesInProcess(ForkedBooter.java:115)
	at org.apache.maven.surefire.booter.ForkedBooter.main(ForkedBooter.java:75)
... Removed 26 stack frames]]>
    </failure>
  </testcase> <!-- TestA1 -->
  <testcase name="TestB1" time="0.0" classname="com.ddfw.punj.testcases.TestCaseB"/>
  <testcase name="TestC1" time="0.001" classname="com.ddfw.punj.testcases.TestCaseC"/>
  <testcase name="TestA2" time="0.001" classname="com.ddfw.punj.testcases.TestCaseA">
    <skipped/>
  </testcase> <!-- TestA2 -->
  <testcase name="TestB2" time="0.001" classname="com.ddfw.punj.testcases.TestCaseB"/>
  <testcase name="TestC2" time="0.001" classname="com.ddfw.punj.testcases.TestCaseC"/>
  <testcase name="TestA3" time="0.0" classname="com.ddfw.punj.testcases.TestCaseA">
    <skipped/>
  </testcase> <!-- TestA3 -->
  <testcase name="TestB3" time="0.001" classname="com.ddfw.punj.testcases.TestCaseB"/>
  <testcase name="TestC3" time="0.001" classname="com.ddfw.punj.testcases.TestCaseC"/>
</testsuite> <!-- Command line test -->
