<?xml version="1.0" encoding="UTF-8"?>
<testng-results skipped="2" failed="1" total="9" passed="6">
  <reporter-output>
  </reporter-output>
  <suite name="Command line suite" duration-ms="9854" started-at="2018-06-15T23:03:20Z" finished-at="2018-06-15T23:03:29Z">
    <groups>
    </groups>
    <test name="Command line test" duration-ms="9854" started-at="2018-06-15T23:03:20Z" finished-at="2018-06-15T23:03:29Z">
      <class name="com.ddfw.punj.testcases.TestCaseA">
        <test-method status="FAIL" signature="TestA1()[pri:0, instance:com.ddfw.punj.testcases.TestCaseA@56235b8e]" name="TestA1" duration-ms="9156" started-at="2018-06-16T09:03:20Z" finished-at="2018-06-16T09:03:29Z">
          <exception class="java.lang.AssertionError">
            <message>
              <![CDATA[Locator not correct- signin_xpath]]>
            </message>
            <full-stacktrace>
              <![CDATA[java.lang.AssertionError: Locator not correct- signin_xpath
	at org.testng.Assert.fail(Assert.java:94)
	at com.ddfw.punj.base.BaseTest.reportFailure(BaseTest.java:199)
	at com.ddfw.punj.base.BaseTest.getElement(BaseTest.java:107)
	at com.ddfw.punj.base.BaseTest.verifyText(BaseTest.java:177)
	at com.ddfw.punj.testcases.TestCaseA.TestA1(TestCaseA.java:31)
	at sun.reflect.NativeMethodAccessorImpl.invoke0(Native Method)
	at sun.reflect.NativeMethodAccessorImpl.invoke(NativeMethodAccessorImpl.java:62)
	at sun.reflect.DelegatingMethodAccessorImpl.invoke(DelegatingMethodAccessorImpl.java:43)
	at java.lang.reflect.Method.invoke(Method.java:498)
	at org.testng.internal.MethodInvocationHelper.invokeMethod(MethodInvocationHelper.java:80)
	at org.testng.internal.Invoker.invokeMethod(Invoker.java:714)
	at org.testng.internal.Invoker.invokeTestMethod(Invoker.java:901)
	at org.testng.internal.Invoker.invokeTestMethods(Invoker.java:1231)
	at org.testng.internal.TestMethodWorker.invokeTestMethods(TestMethodWorker.java:127)
	at org.testng.internal.TestMethodWorker.run(TestMethodWorker.java:111)
	at org.testng.TestRunner.privateRun(TestRunner.java:767)
	at org.testng.TestRunner.run(TestRunner.java:617)
	at org.testng.SuiteRunner.runTest(SuiteRunner.java:334)
	at org.testng.SuiteRunner.runSequentially(SuiteRunner.java:329)
	at org.testng.SuiteRunner.privateRun(SuiteRunner.java:291)
	at org.testng.SuiteRunner.run(SuiteRunner.java:240)
	at org.testng.SuiteRunnerWorker.runSuite(SuiteRunnerWorker.java:52)
	at org.testng.SuiteRunnerWorker.run(SuiteRunnerWorker.java:86)
	at org.testng.TestNG.runSuitesSequentially(TestNG.java:1198)
	at org.testng.TestNG.runSuitesLocally(TestNG.java:1123)
	at org.testng.TestNG.run(TestNG.java:1031)
	at org.apache.maven.surefire.testng.TestNGExecutor.run(TestNGExecutor.java:77)
	at org.apache.maven.surefire.testng.TestNGDirectoryTestSuite.executeMulti(TestNGDirectoryTestSuite.java:159)
	at org.apache.maven.surefire.testng.TestNGDirectoryTestSuite.execute(TestNGDirectoryTestSuite.java:99)
	at org.apache.maven.surefire.testng.TestNGProvider.invoke(TestNGProvider.java:106)
	at sun.reflect.NativeMethodAccessorImpl.invoke0(Native Method)
	at sun.reflect.NativeMethodAccessorImpl.invoke(NativeMethodAccessorImpl.java:62)
	at sun.reflect.DelegatingMethodAccessorImpl.invoke(DelegatingMethodAccessorImpl.java:43)
	at java.lang.reflect.Method.invoke(Method.java:498)
	at org.apache.maven.surefire.util.ReflectionUtils.invokeMethodWithArray(ReflectionUtils.java:189)
	at org.apache.maven.surefire.booter.ProviderFactory$ProviderProxy.invoke(ProviderFactory.java:165)
	at org.apache.maven.surefire.booter.ProviderFactory.invokeProvider(ProviderFactory.java:85)
	at org.apache.maven.surefire.booter.ForkedBooter.runSuitesInProcess(ForkedBooter.java:115)
	at org.apache.maven.surefire.booter.ForkedBooter.main(ForkedBooter.java:75)
]]>
            </full-stacktrace>
          </exception> <!-- java.lang.AssertionError -->
          <reporter-output>
          </reporter-output>
        </test-method> <!-- TestA1 -->
        <test-method status="PASS" signature="extentquit()[pri:0, instance:com.ddfw.punj.testcases.TestCaseA@56235b8e]" name="extentquit" is-config="true" duration-ms="316" started-at="2018-06-16T09:03:29Z" finished-at="2018-06-16T09:03:29Z">
          <reporter-output>
          </reporter-output>
        </test-method> <!-- extentquit -->
        <test-method status="SKIP" signature="TestA2()[pri:0, instance:com.ddfw.punj.testcases.TestCaseA@56235b8e]" name="TestA2" duration-ms="1" started-at="2018-06-16T09:03:29Z" depends-on-methods="com.ddfw.punj.testcases.TestCaseA.TestA1" finished-at="2018-06-16T09:03:29Z">
          <reporter-output>
          </reporter-output>
        </test-method> <!-- TestA2 -->
        <test-method status="SKIP" signature="TestA3()[pri:0, instance:com.ddfw.punj.testcases.TestCaseA@56235b8e]" name="TestA3" duration-ms="0" started-at="2018-06-16T09:03:29Z" depends-on-methods="com.ddfw.punj.testcases.TestCaseA.TestA1, com.ddfw.punj.testcases.TestCaseA.TestA2" finished-at="2018-06-16T09:03:29Z">
          <reporter-output>
          </reporter-output>
        </test-method> <!-- TestA3 -->
      </class> <!-- com.ddfw.punj.testcases.TestCaseA -->
      <class name="com.ddfw.punj.testcases.TestCaseC">
        <test-method status="PASS" signature="TestC1()[pri:0, instance:com.ddfw.punj.testcases.TestCaseC@2286778]" name="TestC1" duration-ms="1" started-at="2018-06-16T09:03:29Z" finished-at="2018-06-16T09:03:29Z">
          <reporter-output>
          </reporter-output>
        </test-method> <!-- TestC1 -->
        <test-method status="PASS" signature="extentquit()[pri:0, instance:com.ddfw.punj.testcases.TestCaseC@2286778]" name="extentquit" is-config="true" duration-ms="71" started-at="2018-06-16T09:03:29Z" finished-at="2018-06-16T09:03:29Z">
          <reporter-output>
          </reporter-output>
        </test-method> <!-- extentquit -->
        <test-method status="PASS" signature="TestC2()[pri:0, instance:com.ddfw.punj.testcases.TestCaseC@2286778]" name="TestC2" duration-ms="1" started-at="2018-06-16T09:03:29Z" depends-on-methods="com.ddfw.punj.testcases.TestCaseC.TestC1" finished-at="2018-06-16T09:03:29Z">
          <reporter-output>
          </reporter-output>
        </test-method> <!-- TestC2 -->
        <test-method status="PASS" signature="extentquit()[pri:0, instance:com.ddfw.punj.testcases.TestCaseC@2286778]" name="extentquit" is-config="true" duration-ms="44" started-at="2018-06-16T09:03:29Z" finished-at="2018-06-16T09:03:29Z">
          <reporter-output>
          </reporter-output>
        </test-method> <!-- extentquit -->
        <test-method status="PASS" signature="TestC3()[pri:0, instance:com.ddfw.punj.testcases.TestCaseC@2286778]" name="TestC3" duration-ms="1" started-at="2018-06-16T09:03:29Z" depends-on-methods="com.ddfw.punj.testcases.TestCaseC.TestC1, com.ddfw.punj.testcases.TestCaseC.TestC2" finished-at="2018-06-16T09:03:29Z">
          <reporter-output>
          </reporter-output>
        </test-method> <!-- TestC3 -->
        <test-method status="PASS" signature="extentquit()[pri:0, instance:com.ddfw.punj.testcases.TestCaseC@2286778]" name="extentquit" is-config="true" duration-ms="59" started-at="2018-06-16T09:03:29Z" finished-at="2018-06-16T09:03:29Z">
          <reporter-output>
          </reporter-output>
        </test-method> <!-- extentquit -->
      </class> <!-- com.ddfw.punj.testcases.TestCaseC -->
      <class name="com.ddfw.punj.testcases.TestCaseB">
        <test-method status="PASS" signature="TestB1()[pri:0, instance:com.ddfw.punj.testcases.TestCaseB@3327bd23]" name="TestB1" duration-ms="0" started-at="2018-06-16T09:03:29Z" finished-at="2018-06-16T09:03:29Z">
          <reporter-output>
          </reporter-output>
        </test-method> <!-- TestB1 -->
        <test-method status="PASS" signature="extentquit()[pri:0, instance:com.ddfw.punj.testcases.TestCaseB@3327bd23]" name="extentquit" is-config="true" duration-ms="73" started-at="2018-06-16T09:03:29Z" finished-at="2018-06-16T09:03:29Z">
          <reporter-output>
          </reporter-output>
        </test-method> <!-- extentquit -->
        <test-method status="PASS" signature="TestB2()[pri:0, instance:com.ddfw.punj.testcases.TestCaseB@3327bd23]" name="TestB2" duration-ms="1" started-at="2018-06-16T09:03:29Z" depends-on-methods="com.ddfw.punj.testcases.TestCaseB.TestB1" finished-at="2018-06-16T09:03:29Z">
          <reporter-output>
          </reporter-output>
        </test-method> <!-- TestB2 -->
        <test-method status="PASS" signature="extentquit()[pri:0, instance:com.ddfw.punj.testcases.TestCaseB@3327bd23]" name="extentquit" is-config="true" duration-ms="45" started-at="2018-06-16T09:03:29Z" finished-at="2018-06-16T09:03:29Z">
          <reporter-output>
          </reporter-output>
        </test-method> <!-- extentquit -->
        <test-method status="PASS" signature="TestB3()[pri:0, instance:com.ddfw.punj.testcases.TestCaseB@3327bd23]" name="TestB3" duration-ms="1" started-at="2018-06-16T09:03:29Z" depends-on-methods="com.ddfw.punj.testcases.TestCaseB.TestB1, com.ddfw.punj.testcases.TestCaseB.TestB2" finished-at="2018-06-16T09:03:29Z">
          <reporter-output>
          </reporter-output>
        </test-method> <!-- TestB3 -->
        <test-method status="PASS" signature="extentquit()[pri:0, instance:com.ddfw.punj.testcases.TestCaseB@3327bd23]" name="extentquit" is-config="true" duration-ms="66" started-at="2018-06-16T09:03:29Z" finished-at="2018-06-16T09:03:29Z">
          <reporter-output>
          </reporter-output>
        </test-method> <!-- extentquit -->
      </class> <!-- com.ddfw.punj.testcases.TestCaseB -->
    </test> <!-- Command line test -->
  </suite> <!-- Command line suite -->
</testng-results>
